[ 1351649ms] [ERROR] ./src/app/(frontend)/page.tsx:6:1
Export getServices doesn't exist in target module
  4 | import React from 'react'
  5 | import { ArrowRight, MapPin, Star } from 'lucide-react'
> 6 | import { getServices } from '@/utilities/getServices'
    | ^^^^^^^^^^^^^^^^^^^^^^^^^^^^^^^^^^^^^^^^^^^^^^^^^^^^^
  7 |
  8 | export const metadata: Metadata = {
  9 |   title: 'Crete Info - Your Gateway to the Island of Crete',

The export getServices was not found in module [project]/src/utilities/getServices.ts [app-rsc] (ecmascript).
Did you mean to import getCachedServices?
All exports of the module are statically known (It doesn't have dynamic exports). So it's known statically that the requested export doesn't exist. @ http://localhost:3000/_next/static/chunks/node_modules_next_dist_115brz8._.js:3272
[ 1351811ms] [ERROR] ./src/app/(frontend)/page.tsx:6:1
Export getServices doesn't exist in target module
  4 | import React from 'react'
  5 | import { ArrowRight, MapPin, Star } from 'lucide-react'
> 6 | import { getServices } from '@/utilities/getServices'
    | ^^^^^^^^^^^^^^^^^^^^^^^^^^^^^^^^^^^^^^^^^^^^^^^^^^^^^
  7 |
  8 | export const metadata: Metadata = {
  9 |   title: 'Crete Info - Your Gateway to the Island of Crete',

The export getServices was not found in module [project]/src/utilities/getServices.ts [app-rsc] (ecmascript).
Did you mean to import getCachedServices?
All exports of the module are statically known (It doesn't have dynamic exports). So it's known statically that the requested export doesn't exist. @ http://localhost:3000/_next/static/chunks/node_modules_next_dist_115brz8._.js:3272
[ 1365606ms] [ERROR] ./src/app/(frontend)/page.tsx:6:1
Export getServices doesn't exist in target module
  4 | import React from 'react'
  5 | import { ArrowRight, MapPin, Star } from 'lucide-react'
> 6 | import { getServices } from '@/utilities/getServices'
    | ^^^^^^^^^^^^^^^^^^^^^^^^^^^^^^^^^^^^^^^^^^^^^^^^^^^^^
  7 |
  8 | export const metadata: Metadata = {
  9 |   title: 'Crete Info - Your Gateway to the Island of Crete',

The export getServices was not found in module [project]/src/utilities/getServices.ts [app-rsc] (ecmascript).
Did you mean to import getCachedServices?
All exports of the module are statically known (It doesn't have dynamic exports). So it's known statically that the requested export doesn't exist. @ http://localhost:3000/_next/static/chunks/node_modules_next_dist_115brz8._.js:3272
[ 1410222ms] [ERROR] ./src/app/(frontend)/page.tsx:6:1
Export getServices doesn't exist in target module
  4 | import React from 'react'
  5 | import { ArrowRight, MapPin, Star } from 'lucide-react'
> 6 | import { getServices } from '@/utilities/getServices'
    | ^^^^^^^^^^^^^^^^^^^^^^^^^^^^^^^^^^^^^^^^^^^^^^^^^^^^^
  7 |
  8 | export const metadata: Metadata = {
  9 |   title: 'Crete Info - Your Gateway to the Island of Crete',

The export getServices was not found in module [project]/src/utilities/getServices.ts [app-rsc] (ecmascript).
Did you mean to import getCachedServices?
All exports of the module are statically known (It doesn't have dynamic exports). So it's known statically that the requested export doesn't exist. @ http://localhost:3000/_next/static/chunks/node_modules_next_dist_115brz8._.js:3272
[ 1410246ms] [ERROR] Failed to load resource: the server responded with a status of 500 (Internal Server Error) @ http://localhost:3000/?_rsc=dhhso:0
[ 1410279ms] [ERROR] ./src/app/(frontend)/page.tsx:6:1
Export getServices doesn't exist in target module
  4 | import React from 'react'
  5 | import { ArrowRight, MapPin, Star } from 'lucide-react'
> 6 | import { getServices } from '@/utilities/getServices'
    | ^^^^^^^^^^^^^^^^^^^^^^^^^^^^^^^^^^^^^^^^^^^^^^^^^^^^^
  7 |
  8 | export const metadata: Metadata = {
  9 |   title: 'Crete Info - Your Gateway to the Island of Crete',

The export getServices was not found in module [project]/src/utilities/getServices.ts [app-rsc] (ecmascript).
Did you mean to import getCachedServices?
All exports of the module are statically known (It doesn't have dynamic exports). So it's known statically that the requested export doesn't exist. @ http://localhost:3000/_next/static/chunks/node_modules_next_dist_115brz8._.js:3272
[ 1410280ms] [ERROR] Failed to load resource: the server responded with a status of 500 (Internal Server Error) @ http://localhost:3000/?_rsc=dhhso:0
[ 1410337ms] [ERROR] Failed to load resource: the server responded with a status of 500 (Internal Server Error) @ http://localhost:3000/:0
[ 1410717ms] Error: ./src/app/(frontend)/page.tsx:6:1
Export getServices doesn't exist in target module
  4 | import React from 'react'
  5 | import { ArrowRight, MapPin, Star } from 'lucide-react'
> 6 | import { getServices } from '@/utilities/getServices'
    | ^^^^^^^^^^^^^^^^^^^^^^^^^^^^^^^^^^^^^^^^^^^^^^^^^^^^^
  7 |
  8 | export const metadata: Metadata = {
  9 |   title: 'Crete Info - Your Gateway to the Island of Crete',

The export getServices was not found in module [project]/src/utilities/getServices.ts [app-rsc] (ecmascript).
Did you mean to import getCachedServices?
All exports of the module are statically known (It doesn't have dynamic exports). So it's known statically that the requested export doesn't exist.


    at <unknown> (Error: ./src/app/(frontend)/page.tsx:6:1)
    at Object.getCompilationErrors (file:///home/alexkiwi/projects/personal/creteinfo/node_modules/next/dist/server/dev/hot-reloader-turbopack.js:1189:59)
    at DevBundlerService.getCompilationError (file:///home/alexkiwi/projects/personal/creteinfo/node_modules/next/dist/server/lib/dev-bundler-service.js:44:55)
    at DevServer.getCompilationError (file:///home/alexkiwi/projects/personal/creteinfo/node_modules/next/dist/server/dev/next-dev-server.js:719:42)
    at DevServer.findPageComponents (file:///home/alexkiwi/projects/personal/creteinfo/node_modules/next/dist/server/dev/next-dev-server.js:689:43)
    at async DevServer.renderErrorToResponseImpl (file:///home/alexkiwi/projects/personal/creteinfo/node_modules/next/dist/server/base-server.js:1745:26)
[ 1410724ms] [ERROR] ./src/app/(frontend)/page.tsx:6:1
Export getServices doesn't exist in target module
  4 | import React from 'react'
  5 | import { ArrowRight, MapPin, Star } from 'lucide-react'
> 6 | import { getServices } from '@/utilities/getServices'
    | ^^^^^^^^^^^^^^^^^^^^^^^^^^^^^^^^^^^^^^^^^^^^^^^^^^^^^
  7 |
  8 | export const metadata: Metadata = {
  9 |   title: 'Crete Info - Your Gateway to the Island of Crete',

The export getServices was not found in module [project]/src/utilities/getServices.ts [app-rsc] (ecmascript).
Did you mean to import getCachedServices?
All exports of the module are statically known (It doesn't have dynamic exports). So it's known statically that the requested export doesn't exist. @ http://localhost:3000/_next/static/chunks/node_modules_next_dist_0u_w_5s._.js:1945
[ 1410773ms] [ERROR] ./src/app/(frontend)/page.tsx:6:1
Export getServices doesn't exist in target module
  4 | import React from 'react'
  5 | import { ArrowRight, MapPin, Star } from 'lucide-react'
> 6 | import { getServices } from '@/utilities/getServices'
    | ^^^^^^^^^^^^^^^^^^^^^^^^^^^^^^^^^^^^^^^^^^^^^^^^^^^^^
  7 |
  8 | export const metadata: Metadata = {
  9 |   title: 'Crete Info - Your Gateway to the Island of Crete',

The export getServices was not found in module [project]/src/utilities/getServices.ts [app-rsc] (ecmascript).
Did you mean to import getCachedServices?
All exports of the module are statically known (It doesn't have dynamic exports). So it's known statically that the requested export doesn't exist. @ http://localhost:3000/_next/static/chunks/node_modules_next_dist_0u_w_5s._.js:1945
[ 1410929ms] [ERROR] ./src/app/(frontend)/page.tsx:6:1
Export getServices doesn't exist in target module
  4 | import React from 'react'
  5 | import { ArrowRight, MapPin, Star } from 'lucide-react'
> 6 | import { getServices } from '@/utilities/getServices'
    | ^^^^^^^^^^^^^^^^^^^^^^^^^^^^^^^^^^^^^^^^^^^^^^^^^^^^^
  7 |
  8 | export const metadata: Metadata = {
  9 |   title: 'Crete Info - Your Gateway to the Island of Crete',

The export getServices was not found in module [project]/src/utilities/getServices.ts [app-rsc] (ecmascript).
Did you mean to import getCachedServices?
All exports of the module are statically known (It doesn't have dynamic exports). So it's known statically that the requested export doesn't exist. @ http://localhost:3000/_next/static/chunks/node_modules_next_dist_0u_w_5s._.js:1945
[ 1410971ms] [ERROR] ./src/app/(frontend)/page.tsx:6:1
Export getServices doesn't exist in target module
  4 | import React from 'react'
  5 | import { ArrowRight, MapPin, Star } from 'lucide-react'
> 6 | import { getServices } from '@/utilities/getServices'
    | ^^^^^^^^^^^^^^^^^^^^^^^^^^^^^^^^^^^^^^^^^^^^^^^^^^^^^
  7 |
  8 | export const metadata: Metadata = {
  9 |   title: 'Crete Info - Your Gateway to the Island of Crete',

The export getServices was not found in module [project]/src/utilities/getServices.ts [app-rsc] (ecmascript).
Did you mean to import getCachedServices?
All exports of the module are statically known (It doesn't have dynamic exports). So it's known statically that the requested export doesn't exist. @ http://localhost:3000/_next/static/chunks/node_modules_next_dist_0u_w_5s._.js:1945
[ 1411005ms] [ERROR] ./src/app/(frontend)/page.tsx:6:1
Export getServices doesn't exist in target module
  4 | import React from 'react'
  5 | import { ArrowRight, MapPin, Star } from 'lucide-react'
> 6 | import { getServices } from '@/utilities/getServices'
    | ^^^^^^^^^^^^^^^^^^^^^^^^^^^^^^^^^^^^^^^^^^^^^^^^^^^^^
  7 |
  8 | export const metadata: Metadata = {
  9 |   title: 'Crete Info - Your Gateway to the Island of Crete',

The export getServices was not found in module [project]/src/utilities/getServices.ts [app-rsc] (ecmascript).
Did you mean to import getCachedServices?
All exports of the module are statically known (It doesn't have dynamic exports). So it's known statically that the requested export doesn't exist. @ http://localhost:3000/_next/static/chunks/node_modules_next_dist_0u_w_5s._.js:1945
[ 1449770ms] [ERROR] ./src/app/(frontend)/page.tsx:6:1
Export getServices doesn't exist in target module
  4 | import React from 'react'
  5 | import { ArrowRight, MapPin, Star } from 'lucide-react'
> 6 | import { getServices } from '@/utilities/getServices'
    | ^^^^^^^^^^^^^^^^^^^^^^^^^^^^^^^^^^^^^^^^^^^^^^^^^^^^^
  7 |
  8 | export const metadata: Metadata = {
  9 |   title: 'Crete Info - Your Gateway to the Island of Crete',

The export getServices was not found in module [project]/src/utilities/getServices.ts [app-rsc] (ecmascript).
Did you mean to import getCachedServices?
All exports of the module are statically known (It doesn't have dynamic exports). So it's known statically that the requested export doesn't exist. @ http://localhost:3000/_next/static/chunks/node_modules_next_dist_0u_w_5s._.js:1945
[ 1501466ms] [ERROR] ./src/app/(frontend)/page.tsx:6:1
Export getServices doesn't exist in target module
  4 | import React from 'react'
  5 | import { ArrowRight, MapPin, Star } from 'lucide-react'
> 6 | import { getServices } from '@/utilities/getServices'
    | ^^^^^^^^^^^^^^^^^^^^^^^^^^^^^^^^^^^^^^^^^^^^^^^^^^^^^
  7 |
  8 | export const metadata: Metadata = {
  9 |   title: 'Crete Info - Your Gateway to the Island of Crete',

The export getServices was not found in module [project]/src/utilities/getServices.ts [app-rsc] (ecmascript).
Did you mean to import getCachedServices?
All exports of the module are statically known (It doesn't have dynamic exports). So it's known statically that the requested export doesn't exist. @ http://localhost:3000/_next/static/chunks/node_modules_next_dist_0u_w_5s._.js:1945
[ 1512339ms] [ERROR] ./src/app/(frontend)/page.tsx:6:1
Export getServices doesn't exist in target module
  4 | import React from 'react'
  5 | import { ArrowRight, MapPin, Star } from 'lucide-react'
> 6 | import { getServices } from '@/utilities/getServices'
    | ^^^^^^^^^^^^^^^^^^^^^^^^^^^^^^^^^^^^^^^^^^^^^^^^^^^^^
  7 |
  8 | export const metadata: Metadata = {
  9 |   title: 'Crete Info - Your Gateway to the Island of Crete',

The export getServices was not found in module [project]/src/utilities/getServices.ts [app-rsc] (ecmascript).
Did you mean to import getCachedServices?
All exports of the module are statically known (It doesn't have dynamic exports). So it's known statically that the requested export doesn't exist. @ http://localhost:3000/_next/static/chunks/node_modules_next_dist_0u_w_5s._.js:1945
[ 1805456ms] [ERROR] ./src/app/(frontend)/page.tsx:6:1
Export getServices doesn't exist in target module
  4 | import React from 'react'
  5 | import { ArrowRight, MapPin, Star } from 'lucide-react'
> 6 | import { getServices } from '@/utilities/getServices'
    | ^^^^^^^^^^^^^^^^^^^^^^^^^^^^^^^^^^^^^^^^^^^^^^^^^^^^^
  7 |
  8 | export const metadata: Metadata = {
  9 |   title: 'Crete Info - Your Gateway to the Island of Crete',

The export getServices was not found in module [project]/src/utilities/getServices.ts [app-rsc] (ecmascript).
Did you mean to import getCachedServices?
All exports of the module are statically known (It doesn't have dynamic exports). So it's known statically that the requested export doesn't exist. @ http://localhost:3000/_next/static/chunks/node_modules_next_dist_0u_w_5s._.js:1945
[ 2067511ms] [ERROR] ./src/app/(frontend)/page.tsx:6:1
Export getServices doesn't exist in target module
  4 | import React from 'react'
  5 | import { ArrowRight, MapPin, Star } from 'lucide-react'
> 6 | import { getServices } from '@/utilities/getServices'
    | ^^^^^^^^^^^^^^^^^^^^^^^^^^^^^^^^^^^^^^^^^^^^^^^^^^^^^
  7 |
  8 | export const metadata: Metadata = {
  9 |   title: 'Crete Info - Your Gateway to the Island of Crete',

The export getServices was not found in module [project]/src/utilities/getServices.ts [app-rsc] (ecmascript).
Did you mean to import getCachedServices?
All exports of the module are statically known (It doesn't have dynamic exports). So it's known statically that the requested export doesn't exist. @ http://localhost:3000/_next/static/chunks/node_modules_next_dist_0u_w_5s._.js:1945
