[    4511ms] [ERROR] Failed to load resource: the server responded with a status of 500 (Internal Server Error) @ http://localhost:3000/:0
[    4829ms] [ERROR] Encountered a script tag while rendering React component. Scripts inside React components are never executed when rendering on the client. Consider using template tag instead (https://developer.mozilla.org/en-US/docs/Web/HTML/Element/template). @ http://localhost:3000/_next/static/chunks/node_modules_next_dist_115brz8._.js:3272
[    4860ms] Error: Failed query: select "footer"."id", "footer"."updated_at", "footer"."created_at", "footer_navItems"."data" as "navItems", "footer__rels"."data" as "_rels" from "footer" "footer" left join lateral (select coalesce(json_agg(json_build_array("footer_navItems"."_order", "footer_navItems"."id", "footer_navItems"."link_type", "footer_navItems"."link_new_tab", "footer_navItems"."link_url", "footer_navItems"."link_label") order by "footer_navItems"."_order" asc), '[]'::json) as "data" from (select * from "footer_nav_items" "footer_navItems" where "footer_navItems"."_parent_id" = "footer"."id" order by "footer_navItems"."_order" asc) "footer_navItems") "footer_navItems" on true left join lateral (select coalesce(json_agg(json_build_array("footer__rels"."order", "footer__rels"."path", "footer__rels"."pages_id", "footer__rels"."posts_id") order by "footer__rels"."order" asc), '[]'::json) as "data" from (select * from "footer_rels" "footer__rels" where "footer__rels"."parent_id" = "footer"."id" order by "footer__rels"."order" asc) "footer__rels") "footer__rels" on true order by "footer"."created_at" desc limit $1
params: 1
    at getGlobal (about://React/Server/file:///home/alexkiwi/projects/personal/creteinfo/.next/dev/server/chunks/ssr/%5Broot-of-the-server%5D__0mn_zje._.js?0:2324:20)
    at Footer (about://React/Server/file:///home/alexkiwi/projects/personal/creteinfo/.next/dev/server/chunks/ssr/%5Broot-of-the-server%5D__0mn_zje._.js?1:2554:24)
    at resolveErrorDev (http://localhost:3000/_next/static/chunks/node_modules_next_dist_compiled_react-server-dom-turbopack_0p3wegg._.js:1919:105)
    at processFullStringRow (http://localhost:3000/_next/static/chunks/node_modules_next_dist_compiled_react-server-dom-turbopack_0p3wegg._.js:2434:29)
    at processFullBinaryRow (http://localhost:3000/_next/static/chunks/node_modules_next_dist_compiled_react-server-dom-turbopack_0p3wegg._.js:2393:9)
    at processBinaryChunk (http://localhost:3000/_next/static/chunks/node_modules_next_dist_compiled_react-server-dom-turbopack_0p3wegg._.js:2502:221)
    at progress (http://localhost:3000/_next/static/chunks/node_modules_next_dist_compiled_react-server-dom-turbopack_0p3wegg._.js:2689:13)
[    8007ms] [WARNING] The resource http://localhost:3000/_next/static/media/Geist_Variable-s.p.0-te~ja_gpvcf.woff2 was preloaded using link preload but not used within a few seconds from the window's load event. Please make sure it has an appropriate `as` value and it is preloaded intentionally. @ http://localhost:3000/:0
[    8007ms] [WARNING] The resource http://localhost:3000/_next/static/media/GeistMono_Variable.p.17jn9btb_52pq.woff2 was preloaded using link preload but not used within a few seconds from the window's load event. Please make sure it has an appropriate `as` value and it is preloaded intentionally. @ http://localhost:3000/:0
[    8007ms] [WARNING] The resource http://localhost:3000/_next/static/chunks/%5Broot-of-the-server%5D__0.yhz62._.css was preloaded using link preload but not used within a few seconds from the window's load event. Please make sure it has an appropriate `as` value and it is preloaded intentionally. @ http://localhost:3000/:0
[    8007ms] [WARNING] The resource http://localhost:3000/_next/static/media/2a65768255d6b625-s.p.14by5b4al-y~f.woff2 was preloaded using link preload but not used within a few seconds from the window's load event. Please make sure it has an appropriate `as` value and it is preloaded intentionally. @ http://localhost:3000/:0
[    8007ms] [WARNING] The resource http://localhost:3000/_next/static/media/5c285b27cdda1fe8-s.p.0yo6-5yoeeudq.woff2 was preloaded using link preload but not used within a few seconds from the window's load event. Please make sure it has an appropriate `as` value and it is preloaded intentionally. @ http://localhost:3000/:0
[   77746ms] [WARNING] [HMR] Invalid message: {"isTrusted":true}
TypeError: Cannot convert undefined or null to object
    at Object.keys (<anonymous>)
    at extractModulesFromTurbopackMessage (http://localhost:3000/_next/static/chunks/node_modules_next_dist_client_0fhqo1d._.js:13631:39)
    at TurbopackHmr.onTurbopackMessage (http://localhost:3000/_next/static/chunks/node_modules_next_dist_client_0fhqo1d._.js:13578:32)
    at processMessage (http://localhost:3000/_next/static/chunks/node_modules_next_dist_client_0fhqo1d._.js:13936:30)
    at WebSocket.handleMessage (http://localhost:3000/_next/static/chunks/node_modules_next_dist_client_0fhqo1d._.js:13335:52) @ http://localhost:3000/_next/static/chunks/node_modules_next_dist_115brz8._.js:2431
